{
  "RSpec": {
    "coverage": {
      "/home/saasbook/brighter-beginnings/app/controllers/application_controller.rb": [
        1,
        1,
        null
      ],
      "/home/saasbook/brighter-beginnings/app/helpers/application_helper.rb": [
        1,
        null,
        1,
        4,
        4,
        null,
        0,
        null,
        null,
        null,
        1,
        0,
        null,
        null,
        null
      ],
      "/home/saasbook/brighter-beginnings/app/helpers/donations_helper.rb": [
        1,
        null
      ],
      "/home/saasbook/brighter-beginnings/app/helpers/families_helper.rb": [
        1,
        null
      ],
      "/home/saasbook/brighter-beginnings/app/helpers/family_members_helper.rb": [
        1,
        null
      ],
      "/home/saasbook/brighter-beginnings/app/helpers/pages_helper.rb": [
        1,
        null
      ],
      "/home/saasbook/brighter-beginnings/app/helpers/sessions_helper.rb": [
        1,
        null
      ],
      "/home/saasbook/brighter-beginnings/app/helpers/users_helper.rb": [
        1,
        null
      ],
      "/home/saasbook/brighter-beginnings/app/controllers/donations_controller.rb": [
        1,
        null,
        null,
        1,
        1,
        null,
        1,
        1,
        1,
        null,
        null,
        null,
        null,
        null,
        1,
        0,
        null,
        0,
        0,
        0,
        null,
        null,
        null,
        null,
        null,
        1,
        1,
        null,
        1,
        1,
        1,
        null,
        null,
        null,
        null,
        1,
        0,
        null,
        null,
        null,
        null,
        1,
        5,
        null,
        5,
        5,
        0,
        0,
        null,
        10,
        5,
        null,
        null,
        null,
        null,
        null,
        null,
        1,
        0,
        null,
        0,
        0,
        0,
        0,
        null,
        0,
        0,
        null,
        null,
        null,
        null,
        null,
        null,
        1,
        0,
        0,
        null,
        0,
        0,
        0,
        null,
        null,
        null
      ],
      "/home/saasbook/brighter-beginnings/app/models/donation.rb": [
        1,
        1,
        null,
        1,
        1,
        null
      ],
      "/home/saasbook/brighter-beginnings/app/controllers/families_controller.rb": [
        1,
        null,
        null,
        1,
        1,
        null,
        1,
        1,
        1,
        null,
        null,
        null,
        null,
        null,
        1,
        0,
        null,
        0,
        0,
        0,
        null,
        null,
        null,
        null,
        null,
        1,
        1,
        null,
        1,
        1,
        1,
        null,
        null,
        null,
        null,
        1,
        0,
        null,
        null,
        null,
        null,
        1,
        5,
        null,
        5,
        5,
        0,
        0,
        null,
        10,
        5,
        null,
        null,
        null,
        null,
        null,
        null,
        1,
        0,
        null,
        0,
        0,
        0,
        0,
        null,
        0,
        0,
        null,
        null,
        null,
        null,
        null,
        null,
        1,
        0,
        0,
        null,
        0,
        0,
        0,
        null,
        null,
        null
      ],
      "/home/saasbook/brighter-beginnings/app/models/family.rb": [
        1,
        1,
        1,
        null,
        1,
        1,
        1,
        0,
        null,
        null
      ],
      "/home/saasbook/brighter-beginnings/app/controllers/family_members_controller.rb": [
        1,
        null,
        null,
        1,
        1,
        null,
        1,
        1,
        1,
        null,
        null,
        null,
        null,
        null,
        1,
        0,
        null,
        0,
        0,
        0,
        null,
        null,
        null,
        null,
        null,
        1,
        1,
        null,
        1,
        1,
        1,
        null,
        null,
        null,
        null,
        1,
        0,
        null,
        null,
        null,
        null,
        1,
        5,
        null,
        5,
        5,
        0,
        0,
        null,
        10,
        5,
        null,
        null,
        null,
        null,
        null,
        null,
        1,
        0,
        null,
        0,
        0,
        0,
        0,
        null,
        0,
        0,
        null,
        null,
        null,
        null,
        null,
        null,
        1,
        0,
        0,
        null,
        0,
        0,
        0,
        null,
        null,
        null
      ],
      "/home/saasbook/brighter-beginnings/app/models/family_member.rb": [
        1,
        1,
        null,
        1,
        null
      ],
      "/home/saasbook/brighter-beginnings/app/controllers/pages_controller.rb": [
        1,
        1,
        null,
        null,
        1,
        0,
        0,
        null,
        null,
        1,
        0,
        0,
        0,
        0,
        0,
        null,
        0,
        null,
        null
      ],
      "/home/saasbook/brighter-beginnings/app/controllers/sessions_controller.rb": [
        1,
        null,
        1,
        0,
        0,
        0,
        0,
        0,
        0,
        0,
        0,
        0,
        0,
        null,
        0,
        0,
        null,
        null,
        null,
        1,
        0,
        0,
        null,
        null,
        1,
        0,
        0,
        0,
        0,
        0,
        null,
        null,
        1,
        null,
        1,
        0,
        null,
        null,
        null
      ],
      "/home/saasbook/brighter-beginnings/app/controllers/users_controller.rb": [
        1,
        null,
        null,
        1,
        1,
        null,
        1,
        1,
        1,
        null,
        null,
        null,
        null,
        null,
        1,
        0,
        null,
        0,
        0,
        0,
        null,
        null,
        null,
        null,
        null,
        1,
        1,
        null,
        1,
        1,
        1,
        null,
        null,
        null,
        null,
        1,
        0,
        null,
        null,
        null,
        null,
        1,
        5,
        5,
        5,
        5,
        0,
        0,
        null,
        10,
        5,
        null,
        null,
        null,
        null,
        null,
        null,
        1,
        0,
        null,
        0,
        0,
        0,
        0,
        null,
        0,
        0,
        null,
        null,
        null,
        null,
        null,
        null,
        1,
        0,
        0,
        null,
        0,
        0,
        0,
        null,
        null,
        null,
        1,
        0,
        0,
        0,
        0,
        0,
        0,
        0,
        0,
        null,
        null,
        null,
        0,
        null,
        0,
        0,
        null,
        null,
        null,
        null
      ],
      "/home/saasbook/brighter-beginnings/app/models/user.rb": [
        1,
        1,
        1,
        1,
        1,
        1,
        0,
        0,
        null,
        null
      ]
    },
    "timestamp": 1333943489
  },
  "Cucumber Features": {
    "coverage": {
      "/home/saasbook/brighter-beginnings/app/controllers/application_controller.rb": [
        1,
        1,
        null
      ],
      "/home/saasbook/brighter-beginnings/app/helpers/application_helper.rb": [
        1,
        null,
        1,
        0,
        0,
        null,
        0,
        null,
        null,
        null,
        1,
        0,
        null,
        null,
        null
      ],
      "/home/saasbook/brighter-beginnings/app/helpers/donations_helper.rb": [
        1,
        null
      ],
      "/home/saasbook/brighter-beginnings/app/helpers/families_helper.rb": [
        1,
        null
      ],
      "/home/saasbook/brighter-beginnings/app/helpers/family_members_helper.rb": [
        1,
        null
      ],
      "/home/saasbook/brighter-beginnings/app/helpers/pages_helper.rb": [
        1,
        null
      ],
      "/home/saasbook/brighter-beginnings/app/helpers/sessions_helper.rb": [
        1,
        null
      ],
      "/home/saasbook/brighter-beginnings/app/helpers/users_helper.rb": [
        1,
        null
      ],
      "/home/saasbook/brighter-beginnings/app/controllers/donations_controller.rb": [
        1,
        null,
        null,
        1,
        0,
        null,
        0,
        0,
        0,
        null,
        null,
        null,
        null,
        null,
        1,
        0,
        null,
        0,
        0,
        0,
        null,
        null,
        null,
        null,
        null,
        1,
        0,
        null,
        0,
        0,
        0,
        null,
        null,
        null,
        null,
        1,
        0,
        null,
        null,
        null,
        null,
        1,
        0,
        null,
        0,
        0,
        0,
        0,
        null,
        0,
        0,
        null,
        null,
        null,
        null,
        null,
        null,
        1,
        0,
        null,
        0,
        0,
        0,
        0,
        null,
        0,
        0,
        null,
        null,
        null,
        null,
        null,
        null,
        1,
        0,
        0,
        null,
        0,
        0,
        0,
        null,
        null,
        null
      ],
      "/home/saasbook/brighter-beginnings/app/models/donation.rb": [
        1,
        1,
        null,
        1,
        1,
        null
      ],
      "/home/saasbook/brighter-beginnings/app/controllers/families_controller.rb": [
        1,
        null,
        null,
        1,
        0,
        null,
        0,
        0,
        0,
        null,
        null,
        null,
        null,
        null,
        1,
        0,
        null,
        0,
        0,
        0,
        null,
        null,
        null,
        null,
        null,
        1,
        0,
        null,
        0,
        0,
        0,
        null,
        null,
        null,
        null,
        1,
        0,
        null,
        null,
        null,
        null,
        1,
        0,
        null,
        0,
        0,
        0,
        0,
        null,
        0,
        0,
        null,
        null,
        null,
        null,
        null,
        null,
        1,
        0,
        null,
        0,
        0,
        0,
        0,
        null,
        0,
        0,
        null,
        null,
        null,
        null,
        null,
        null,
        1,
        0,
        0,
        null,
        0,
        0,
        0,
        null,
        null,
        null
      ],
      "/home/saasbook/brighter-beginnings/app/models/family.rb": [
        1,
        1,
        1,
        null,
        1,
        1,
        1,
        0,
        null,
        null
      ],
      "/home/saasbook/brighter-beginnings/app/controllers/family_members_controller.rb": [
        1,
        null,
        null,
        1,
        0,
        null,
        0,
        0,
        0,
        null,
        null,
        null,
        null,
        null,
        1,
        0,
        null,
        0,
        0,
        0,
        null,
        null,
        null,
        null,
        null,
        1,
        0,
        null,
        0,
        0,
        0,
        null,
        null,
        null,
        null,
        1,
        0,
        null,
        null,
        null,
        null,
        1,
        0,
        null,
        0,
        0,
        0,
        0,
        null,
        0,
        0,
        null,
        null,
        null,
        null,
        null,
        null,
        1,
        0,
        null,
        0,
        0,
        0,
        0,
        null,
        0,
        0,
        null,
        null,
        null,
        null,
        null,
        null,
        1,
        0,
        0,
        null,
        0,
        0,
        0,
        null,
        null,
        null
      ],
      "/home/saasbook/brighter-beginnings/app/models/family_member.rb": [
        1,
        1,
        null,
        1,
        null
      ],
      "/home/saasbook/brighter-beginnings/app/controllers/pages_controller.rb": [
        1,
        1,
        null,
        null,
        1,
        0,
        0,
        null,
        null,
        1,
        0,
        0,
        0,
        0,
        0,
        null,
        0,
        null,
        null
      ],
      "/home/saasbook/brighter-beginnings/app/controllers/sessions_controller.rb": [
        1,
        null,
        1,
        0,
        0,
        0,
        0,
        0,
        0,
        0,
        0,
        0,
        0,
        null,
        0,
        0,
        null,
        null,
        null,
        1,
        0,
        0,
        null,
        null,
        1,
        0,
        0,
        0,
        0,
        0,
        null,
        null,
        1,
        null,
        1,
        0,
        null,
        null,
        null
      ],
      "/home/saasbook/brighter-beginnings/app/controllers/users_controller.rb": [
        1,
        null,
        null,
        1,
        0,
        null,
        0,
        0,
        0,
        null,
        null,
        null,
        null,
        null,
        1,
        0,
        null,
        0,
        0,
        0,
        null,
        null,
        null,
        null,
        null,
        1,
        0,
        null,
        0,
        0,
        0,
        null,
        null,
        null,
        null,
        1,
        0,
        null,
        null,
        null,
        null,
        1,
        0,
        0,
        0,
        0,
        0,
        0,
        null,
        0,
        0,
        null,
        null,
        null,
        null,
        null,
        null,
        1,
        0,
        null,
        0,
        0,
        0,
        0,
        null,
        0,
        0,
        null,
        null,
        null,
        null,
        null,
        null,
        1,
        0,
        0,
        null,
        0,
        0,
        0,
        null,
        null,
        null,
        1,
        0,
        0,
        0,
        0,
        0,
        0,
        0,
        0,
        null,
        null,
        null,
        0,
        null,
        0,
        0,
        null,
        null,
        null,
        null
      ],
      "/home/saasbook/brighter-beginnings/app/models/user.rb": [
        1,
        1,
        1,
        1,
        1,
        1,
        0,
        0,
        null,
        null
      ]
    },
    "timestamp": 1333943826
  }
}
